<?xml version="1.0" encoding="UTF-8"?>
<!-- Generated by org.testng.reporters.JUnitReportReporter -->
<testsuite hostname="LokeshJammi-PC" failures="0" tests="2" name="Academy.HomePage" time="109.471" errors="0" timestamp="2022-02-21T08:16:18 IST" skipped="0">
  <testcase classname="Academy.HomePage" name="basePageNavigation" time="53.886"/>
  <system-out/>
  <testcase classname="Academy.HomePage" name="basePageNavigation" time="55.585"/>
  <system-out/>
</testsuite> <!-- Academy.HomePage -->
